[INFO ] 2021-07-12 11:27:45.419 [main] Log - Facebook class TestTest is finished
[INFO ] 2021-07-12 11:30:14.764 [main] Log - launched the browser
[INFO ] 2021-07-12 11:30:14.964 [main] Log - Open url link
[INFO ] 2021-07-12 11:30:26.390 [main] Log - loginTo_Application_with_valid_credentialsTest is starting
[INFO ] 2021-07-12 11:30:26.511 [main] Log - enter your email id 
[INFO ] 2021-07-12 11:30:26.805 [main] Log - enter your user password 
[INFO ] 2021-07-12 11:30:26.960 [main] Log - click on login button 
[INFO ] 2021-07-12 11:30:42.884 [main] Log - click on me
[INFO ] 2021-07-12 11:30:43.024 [main] Log - click on sign-out
[INFO ] 2021-07-12 11:30:43.254 [main] Log - click on sign-in
[INFO ] 2021-07-12 11:30:46.870 [main] Log - Test is successfully passed
[INFO ] 2021-07-12 11:30:47.440 [main] Log - TestHome_isWorkingOrNotTest is starting
[INFO ] 2021-07-12 11:30:47.445 [main] Log - enter your email id 
[INFO ] 2021-07-12 11:30:47.730 [main] Log - enter your user password 
[INFO ] 2021-07-12 11:30:47.935 [main] Log - click on login button 
[INFO ] 2021-07-12 11:31:20.700 [main] Log - click on me
[INFO ] 2021-07-12 11:31:20.785 [main] Log - click on sign-out
[INFO ] 2021-07-12 11:31:20.950 [main] Log - click on sign-in
[INFO ] 2021-07-12 11:31:23.570 [main] Log - Test is successfully passed
[INFO ] 2021-07-12 11:31:23.859 [main] Log - ToCheck_MyPost_IsWorking_OrNotTest is starting
[INFO ] 2021-07-12 11:31:23.869 [main] Log - enter your email id 
[INFO ] 2021-07-12 11:31:24.065 [main] Log - enter your user password 
[INFO ] 2021-07-12 11:31:24.209 [main] Log - click on login button 
[WARN ] 2021-07-12 11:32:02.074 [main] Log - Test is failed
[INFO ] 2021-07-12 11:32:06.680 [main] Log - F:/Selenium/LinkedInLog4J/src/test/java/com/bridgelabz/selenium/test/LoginTest.javaTest is finished
